[info] AnagramsSuite:
[info] - wordOccurrences: abcd
[info] - wordOccurrences: Robert
[info] - sentenceOccurrences: abcd e *** FAILED ***
[info]   scala.NotImplementedError: an implementation is missing
[info]   at scala.Predef$.$qmark$qmark$qmark(Predef.scala:252)
[info]   at forcomp.Anagrams$.sentenceOccurrences(Anagrams.scala:45)
[info]   at forcomp.AnagramsSuite$$anonfun$3.apply$mcV$sp(AnagramsSuite.scala:24)
[info]   at forcomp.AnagramsSuite$$anonfun$3.apply(AnagramsSuite.scala:24)
[info]   at forcomp.AnagramsSuite$$anonfun$3.apply(AnagramsSuite.scala:24)
[info]   at org.scalatest.FunSuite$$anon$1.apply(FunSuite.scala:1265)
[info]   at org.scalatest.Suite$class.withFixture(Suite.scala:1974)
[info]   at forcomp.AnagramsSuite.withFixture(AnagramsSuite.scala:11)
[info]   at org.scalatest.FunSuite$class.invokeWithFixture$1(FunSuite.scala:1262)
[info]   at org.scalatest.FunSuite$$anonfun$runTest$1.apply(FunSuite.scala:1271)
[info]   ...
[info] - dictionaryByOccurrences.get: eat *** FAILED ***
[info]   scala.NotImplementedError: an implementation is missing
[info]   at scala.Predef$.$qmark$qmark$qmark(Predef.scala:252)
[info]   at forcomp.Anagrams$.dictionaryByOccurrences$lzycompute(Anagrams.scala:62)
[info]   at forcomp.Anagrams$.dictionaryByOccurrences(Anagrams.scala:62)
[info]   at forcomp.AnagramsSuite$$anonfun$4.apply$mcV$sp(AnagramsSuite.scala:30)
[info]   at forcomp.AnagramsSuite$$anonfun$4.apply(AnagramsSuite.scala:30)
[info]   at forcomp.AnagramsSuite$$anonfun$4.apply(AnagramsSuite.scala:30)
[info]   at org.scalatest.FunSuite$$anon$1.apply(FunSuite.scala:1265)
[info]   at org.scalatest.Suite$class.withFixture(Suite.scala:1974)
[info]   at forcomp.AnagramsSuite.withFixture(AnagramsSuite.scala:11)
[info]   at org.scalatest.FunSuite$class.invokeWithFixture$1(FunSuite.scala:1262)
[info]   ...
[info] - word anagrams: married *** FAILED ***
[info]   scala.NotImplementedError: an implementation is missing
[info]   at scala.Predef$.$qmark$qmark$qmark(Predef.scala:252)
[info]   at forcomp.Anagrams$.wordAnagrams(Anagrams.scala:65)
[info]   at forcomp.AnagramsSuite$$anonfun$5.apply$mcV$sp(AnagramsSuite.scala:36)
[info]   at forcomp.AnagramsSuite$$anonfun$5.apply(AnagramsSuite.scala:36)
[info]   at forcomp.AnagramsSuite$$anonfun$5.apply(AnagramsSuite.scala:36)
[info]   at org.scalatest.FunSuite$$anon$1.apply(FunSuite.scala:1265)
[info]   at org.scalatest.Suite$class.withFixture(Suite.scala:1974)
[info]   at forcomp.AnagramsSuite.withFixture(AnagramsSuite.scala:11)
[info]   at org.scalatest.FunSuite$class.invokeWithFixture$1(FunSuite.scala:1262)
[info]   at org.scalatest.FunSuite$$anonfun$runTest$1.apply(FunSuite.scala:1271)
[info]   ...
[info] - word anagrams: player *** FAILED ***
[info]   scala.NotImplementedError: an implementation is missing
[info]   at scala.Predef$.$qmark$qmark$qmark(Predef.scala:252)
[info]   at forcomp.Anagrams$.wordAnagrams(Anagrams.scala:65)
[info]   at forcomp.AnagramsSuite$$anonfun$6.apply$mcV$sp(AnagramsSuite.scala:40)
[info]   at forcomp.AnagramsSuite$$anonfun$6.apply(AnagramsSuite.scala:40)
[info]   at forcomp.AnagramsSuite$$anonfun$6.apply(AnagramsSuite.scala:40)
[info]   at org.scalatest.FunSuite$$anon$1.apply(FunSuite.scala:1265)
[info]   at org.scalatest.Suite$class.withFixture(Suite.scala:1974)
[info]   at forcomp.AnagramsSuite.withFixture(AnagramsSuite.scala:11)
[info]   at org.scalatest.FunSuite$class.invokeWithFixture$1(FunSuite.scala:1262)
[info]   at org.scalatest.FunSuite$$anonfun$runTest$1.apply(FunSuite.scala:1271)
[info]   ...
[info] - subtract: lard - r *** FAILED ***
[info]   scala.NotImplementedError: an implementation is missing
[info]   at scala.Predef$.$qmark$qmark$qmark(Predef.scala:252)
[info]   at forcomp.Anagrams$.subtract(Anagrams.scala:101)
[info]   at forcomp.AnagramsSuite$$anonfun$7.apply$mcV$sp(AnagramsSuite.scala:49)
[info]   at forcomp.AnagramsSuite$$anonfun$7.apply(AnagramsSuite.scala:45)
[info]   at forcomp.AnagramsSuite$$anonfun$7.apply(AnagramsSuite.scala:45)
[info]   at org.scalatest.FunSuite$$anon$1.apply(FunSuite.scala:1265)
[info]   at org.scalatest.Suite$class.withFixture(Suite.scala:1974)
[info]   at forcomp.AnagramsSuite.withFixture(AnagramsSuite.scala:11)
[info]   at org.scalatest.FunSuite$class.invokeWithFixture$1(FunSuite.scala:1262)
[info]   at org.scalatest.FunSuite$$anonfun$runTest$1.apply(FunSuite.scala:1271)
[info]   ...
[info] - combinations: [] *** FAILED ***
[info]   scala.NotImplementedError: an implementation is missing
[info]   at scala.Predef$.$qmark$qmark$qmark(Predef.scala:252)
[info]   at forcomp.Anagrams$.combinations(Anagrams.scala:89)
[info]   at forcomp.AnagramsSuite$$anonfun$8.apply$mcV$sp(AnagramsSuite.scala:55)
[info]   at forcomp.AnagramsSuite$$anonfun$8.apply(AnagramsSuite.scala:55)
[info]   at forcomp.AnagramsSuite$$anonfun$8.apply(AnagramsSuite.scala:55)
[info]   at org.scalatest.FunSuite$$anon$1.apply(FunSuite.scala:1265)
[info]   at org.scalatest.Suite$class.withFixture(Suite.scala:1974)
[info]   at forcomp.AnagramsSuite.withFixture(AnagramsSuite.scala:11)
[info]   at org.scalatest.FunSuite$class.invokeWithFixture$1(FunSuite.scala:1262)
[info]   at org.scalatest.FunSuite$$anonfun$runTest$1.apply(FunSuite.scala:1271)
[info]   ...
[info] - combinations: abba *** FAILED ***
[info]   scala.NotImplementedError: an implementation is missing
[info]   at scala.Predef$.$qmark$qmark$qmark(Predef.scala:252)
[info]   at forcomp.Anagrams$.combinations(Anagrams.scala:89)
[info]   at forcomp.AnagramsSuite$$anonfun$9.apply$mcV$sp(AnagramsSuite.scala:71)
[info]   at forcomp.AnagramsSuite$$anonfun$9.apply(AnagramsSuite.scala:58)
[info]   at forcomp.AnagramsSuite$$anonfun$9.apply(AnagramsSuite.scala:58)
[info]   at org.scalatest.FunSuite$$anon$1.apply(FunSuite.scala:1265)
[info]   at org.scalatest.Suite$class.withFixture(Suite.scala:1974)
[info]   at forcomp.AnagramsSuite.withFixture(AnagramsSuite.scala:11)
[info]   at org.scalatest.FunSuite$class.invokeWithFixture$1(FunSuite.scala:1262)
[info]   at org.scalatest.FunSuite$$anonfun$runTest$1.apply(FunSuite.scala:1271)
[info]   ...
[info] - sentence anagrams: [] *** FAILED ***
[info]   scala.NotImplementedError: an implementation is missing
[info]   at scala.Predef$.$qmark$qmark$qmark(Predef.scala:252)
[info]   at forcomp.Anagrams$.sentenceAnagrams(Anagrams.scala:143)
[info]   at forcomp.AnagramsSuite$$anonfun$10.apply$mcV$sp(AnagramsSuite.scala:78)
[info]   at forcomp.AnagramsSuite$$anonfun$10.apply(AnagramsSuite.scala:76)
[info]   at forcomp.AnagramsSuite$$anonfun$10.apply(AnagramsSuite.scala:76)
[info]   at org.scalatest.FunSuite$$anon$1.apply(FunSuite.scala:1265)
[info]   at org.scalatest.Suite$class.withFixture(Suite.scala:1974)
[info]   at forcomp.AnagramsSuite.withFixture(AnagramsSuite.scala:11)
[info]   at org.scalatest.FunSuite$class.invokeWithFixture$1(FunSuite.scala:1262)
[info]   at org.scalatest.FunSuite$$anonfun$runTest$1.apply(FunSuite.scala:1271)
[info]   ...
[info] - sentence anagrams: Linux rulez *** FAILED ***
[info]   scala.NotImplementedError: an implementation is missing
[info]   at scala.Predef$.$qmark$qmark$qmark(Predef.scala:252)
[info]   at forcomp.Anagrams$.sentenceAnagrams(Anagrams.scala:143)
[info]   at forcomp.AnagramsSuite$$anonfun$11.apply$mcV$sp(AnagramsSuite.scala:105)
[info]   at forcomp.AnagramsSuite$$anonfun$11.apply(AnagramsSuite.scala:81)
[info]   at forcomp.AnagramsSuite$$anonfun$11.apply(AnagramsSuite.scala:81)
[info]   at org.scalatest.FunSuite$$anon$1.apply(FunSuite.scala:1265)
[info]   at org.scalatest.Suite$class.withFixture(Suite.scala:1974)
[info]   at forcomp.AnagramsSuite.withFixture(AnagramsSuite.scala:11)
[info]   at org.scalatest.FunSuite$class.invokeWithFixture$1(FunSuite.scala:1262)
[info]   at org.scalatest.FunSuite$$anonfun$runTest$1.apply(FunSuite.scala:1271)
[info]   ...
